#
# There is insufficient memory for the Java Runtime Environment to continue.
# Native memory allocation (malloc) failed to allocate 282416 bytes for Chunk::new
# Possible reasons:
#   The system is out of physical RAM or swap space
#   The process is running with CompressedOops enabled, and the Java Heap may be blocking the growth of the native heap
# Possible solutions:
#   Reduce memory load on the system
#   Increase physical memory or swap space
#   Check if swap backing store is full
#   Decrease Java heap size (-Xmx/-Xms)
#   Decrease number of Java threads
#   Decrease Java thread stack sizes (-Xss)
#   Set larger code cache with -XX:ReservedCodeCacheSize=
#   JVM is running with Unscaled Compressed Oops mode in which the Java heap is
#     placed in the first 4GB address space. The Java Heap base address is the
#     maximum limit for the native heap growth. Please use -XX:HeapBaseMinAddress
#     to set the Java Heap base and to place the Java Heap above 4GB virtual address.
# This output file may be truncated or incomplete.
#
#  Out of Memory Error (allocation.cpp:389), pid=27624, tid=0x0000000000006de0
#
# JRE version: Java(TM) SE Runtime Environment (8.0_251-b08) (build 1.8.0_251-b08)
# Java VM: Java HotSpot(TM) 64-Bit Server VM (25.251-b08 mixed mode windows-amd64 compressed oops)
# Failed to write core dump. Minidumps are not enabled by default on client versions of Windows
#

---------------  T H R E A D  ---------------

Current thread (0x0000000019deb800):  JavaThread "C2 CompilerThread0" daemon [_thread_in_native, id=28128, stack(0x000000001a5d0000,0x000000001a6d0000)]

Stack: [0x000000001a5d0000,0x000000001a6d0000]
[error occurred during error reporting (printing stack bounds), id 0xc0000005]

Native frames: (J=compiled Java code, j=interpreted, Vv=VM code, C=native code)


Current CompileTask:
C2:   1640  890 %     4       sun.security.provider.SHA::implCompress @ 12 (491 bytes)


---------------  P R O C E S S  ---------------

Java Threads: ( => current thread )
  0x000000001ae1a800 JavaThread "mysql-cj-abandoned-connection-cleanup" daemon [_thread_blocked, id=27008, stack(0x000000001ccb0000,0x000000001cdb0000)]
  0x000000001adea000 JavaThread "AWT-EventQueue-0" [_thread_in_native, id=19760, stack(0x000000001c1f0000,0x000000001c2f0000)]
  0x000000001ad79000 JavaThread "AWT-Windows" daemon [_thread_in_native, id=27992, stack(0x000000001b710000,0x000000001b810000)]
  0x000000001ad78000 JavaThread "AWT-Shutdown" [_thread_blocked, id=26528, stack(0x000000001b610000,0x000000001b710000)]
  0x000000001ad77800 JavaThread "Java2D Disposer" daemon [_thread_blocked, id=27172, stack(0x000000001b510000,0x000000001b610000)]
  0x0000000019e74800 JavaThread "Service Thread" daemon [_thread_blocked, id=23932, stack(0x000000001a9d0000,0x000000001aad0000)]
  0x0000000019dfa800 JavaThread "C1 CompilerThread3" daemon [_thread_in_native, id=28104, stack(0x000000001a8d0000,0x000000001a9d0000)]
  0x0000000019df2800 JavaThread "C2 CompilerThread2" daemon [_thread_in_native, id=16380, stack(0x000000001a7d0000,0x000000001a8d0000)]
  0x0000000019df1000 JavaThread "C2 CompilerThread1" daemon [_thread_in_native, id=28148, stack(0x000000001a6d0000,0x000000001a7d0000)]
=>0x0000000019deb800 JavaThread "C2 CompilerThread0" daemon [_thread_in_native, id=28128, stack(0x000000001a5d0000,0x000000001a6d0000)]
  0x0000000019de8000 JavaThread "Attach Listener" daemon [_thread_blocked, id=28512, stack(0x000000001a4d0000,0x000000001a5d0000)]
  0x0000000019de7000 JavaThread "Signal Dispatcher" daemon [_thread_blocked, id=27532, stack(0x000000001a3d0000,0x000000001a4d0000)]
  0x0000000019de0800 JavaThread "Finalizer" daemon [_thread_blocked, id=27592, stack(0x000000001a1c0000,0x000000001a2c0000)]
  0x0000000017eed800 JavaThread "Reference Handler" daemon [_thread_blocked, id=23348, stack(0x0000000019cc0000,0x0000000019dc0000)]
  0x0000000002cfe000 JavaThread "main" [_thread_in_Java, id=25596, stack(0x0000000002da0000,0x0000000002ea0000)]

Other Threads:
  0x0000000017ee9800 VMThread [stack: 0x0000000019bc0000,0x0000000019cc0000] [id=24736]
  0x0000000019e9c000 WatcherThread [stack: 0x000000001aad0000,0x000000001abd0000] [id=23600]

VM state:not at safepoint (normal execution)

VM Mutex/Monitor currently owned by a thread: None

heap address: 0x0000000082200000, size: 2014 MB, Compressed Oops mode: 32-bit
Narrow klass base: 0x0000000000000000, Narrow klass shift: 3
Compressed class space size: 1073741824 Address: 0x0000000100000000

Heap:
 PSYoungGen      total 37888K, used 25658K [0x00000000d6100000, 0x00000000d8b00000, 0x0000000100000000)
  eden space 32768K, 78% used [0x00000000d6100000,0x00000000d7a0e860,0x00000000d8100000)
  from space 5120K, 0% used [0x00000000d8600000,0x00000000d8600000,0x00000000d8b00000)
  to   space 5120K, 0% used [0x00000000d8100000,0x00000000d8100000,0x00000000d8600000)
 ParOldGen       total 86016K, used 0K [0x0000000082200000, 0x0000000087600000, 0x00000000d6100000)
  object space 86016K, 0% used [0x0000000082200000,0x0000000082200000,0x0000000087600000)
 Metaspace       used 13928K, capacity 14184K, committed 14464K, reserved 1062912K
  class space    used 1705K, capacity 1804K, committed 1920K, reserved 1048576K

Card table byte_map: [0x0000000012360000,0x0000000012750000] byte_map_base: 0x0000000011f4f000

Marking Bits: (ParMarkBitMap*) 0x00000000761daf90
 Begin Bits: [0x00000000131f0000, 0x0000000015168000)
 End Bits:   [0x0000000015168000, 0x00000000170e0000)

Polling page: 0x0000000001010000

CodeCache: size=245760Kb used=3265Kb max_used=3265Kb free=242494Kb
 bounds [0x0000000002fa0000, 0x00000000032e0000, 0x0000000011fa0000]
 total_blobs=1432 nmethods=903 adapters=442
 compilation: enabled

Compilation events (10 events):
Event: 1.634 Thread 0x0000000019dfa800  896       3       java.math.BigInteger::destructiveMulAdd (150 bytes)
Event: 1.635 Thread 0x0000000019dfa800 nmethod 896 0x00000000032c12d0 code [0x00000000032c1440, 0x00000000032c17b0]
Event: 1.635 Thread 0x0000000019dfa800  898   !   3       sun.font.TrueTypeFont::getAllFullNames (33 bytes)
Event: 1.636 Thread 0x0000000019dfa800 nmethod 898 0x00000000032c0610 code [0x00000000032c07e0, 0x00000000032c0f58]
Event: 1.636 Thread 0x0000000019dfa800  901       3       java.util.regex.Pattern$Branch::match (66 bytes)
Event: 1.636 Thread 0x0000000019dfa800 nmethod 901 0x00000000032c8910 code [0x00000000032c8aa0, 0x00000000032c8f78]
Event: 1.637 Thread 0x0000000019dfa800  900       3       java.util.regex.Pattern$Start::match (90 bytes)
Event: 1.637 Thread 0x0000000019df1000 nmethod 888 0x00000000032cd710 code [0x00000000032cd8a0, 0x00000000032cddf8]
Event: 1.637 Thread 0x0000000019dfa800 nmethod 900 0x00000000032c8190 code [0x00000000032c8320, 0x00000000032c8728]
Event: 1.637 Thread 0x0000000019df1000  899       4       java.lang.CharacterDataLatin1::digit (91 bytes)

GC Heap History (0 events):
No events

Deoptimization events (10 events):
Event: 1.399 Thread 0x0000000002cfe000 Uncommon trap: reason=unstable_if action=reinterpret pc=0x0000000003224840 method=java.util.Properties$LineReader.readLine()I @ 174
Event: 1.463 Thread 0x0000000002cfe000 Uncommon trap: reason=class_check action=maybe_recompile pc=0x00000000031cc818 method=java.util.HashMap.putVal(ILjava/lang/Object;Ljava/lang/Object;ZZ)Ljava/lang/Object; @ 203
Event: 1.497 Thread 0x0000000002cfe000 Uncommon trap: reason=unstable_if action=reinterpret pc=0x00000000031cf460 method=java.lang.String.indexOf([CII[CIII)I @ 3
Event: 1.497 Thread 0x0000000002cfe000 Uncommon trap: reason=predicate action=maybe_recompile pc=0x0000000003267480 method=java.util.ArrayList.indexOf(Ljava/lang/Object;)I @ 44
Event: 1.546 Thread 0x000000001adea000 Uncommon trap: reason=class_check action=maybe_recompile pc=0x00000000031cc818 method=java.util.HashMap.putVal(ILjava/lang/Object;Ljava/lang/Object;ZZ)Ljava/lang/Object; @ 203
Event: 1.546 Thread 0x000000001adea000 Uncommon trap: reason=class_check action=maybe_recompile pc=0x00000000031cc818 method=java.util.HashMap.putVal(ILjava/lang/Object;Ljava/lang/Object;ZZ)Ljava/lang/Object; @ 203
Event: 1.546 Thread 0x000000001adea000 Uncommon trap: reason=class_check action=maybe_recompile pc=0x00000000031cc818 method=java.util.HashMap.putVal(ILjava/lang/Object;Ljava/lang/Object;ZZ)Ljava/lang/Object; @ 203
Event: 1.553 Thread 0x000000001adea000 Uncommon trap: reason=unstable_if action=reinterpret pc=0x0000000003189bf8 method=java.lang.CharacterData.of(I)Ljava/lang/CharacterData; @ 4
Event: 1.578 Thread 0x0000000002cfe000 Uncommon trap: reason=unstable_if action=reinterpret pc=0x0000000003288c60 method=java.lang.ThreadLocal$ThreadLocalMap.getEntry(Ljava/lang/ThreadLocal;)Ljava/lang/ThreadLocal$ThreadLocalMap$Entry; @ 21
Event: 1.589 Thread 0x000000001adea000 Uncommon trap: reason=unstable_if action=reinterpret pc=0x00000000032a63f4 method=java.lang.Character.isSurrogate(C)Z @ 3

Classes redefined (0 events):
No events

Internal exceptions (10 events):
Event: 0.295 Thread 0x0000000002cfe000 Exception <a 'java/lang/NoSuchFieldError': method resolution failed> (0x00000000d630d438) thrown at [C:\jenkins\workspace\8-2-build-windows-amd64-cygwin\jdk8u251\737\hotspot\src\share\vm\prims\methodHandles.cpp, line 1167]
Event: 0.299 Thread 0x0000000002cfe000 Exception <a 'java/lang/NoSuchFieldError': method resolution failed> (0x00000000d631a808) thrown at [C:\jenkins\workspace\8-2-build-windows-amd64-cygwin\jdk8u251\737\hotspot\src\share\vm\prims\methodHandles.cpp, line 1167]
Event: 0.469 Thread 0x0000000002cfe000 Exception <a 'java/io/FileNotFoundException'> (0x00000000d6402608) thrown at [C:\jenkins\workspace\8-2-build-windows-amd64-cygwin\jdk8u251\737\hotspot\src\share\vm\prims\jni.cpp, line 710]
Event: 1.023 Thread 0x000000001adea000 Exception <a 'java/io/FileNotFoundException'> (0x00000000d66071c8) thrown at [C:\jenkins\workspace\8-2-build-windows-amd64-cygwin\jdk8u251\737\hotspot\src\share\vm\prims\jni.cpp, line 710]
Event: 1.025 Thread 0x000000001adea000 Exception <a 'java/io/FileNotFoundException'> (0x00000000d6608860) thrown at [C:\jenkins\workspace\8-2-build-windows-amd64-cygwin\jdk8u251\737\hotspot\src\share\vm\prims\jni.cpp, line 710]
Event: 1.025 Thread 0x000000001adea000 Exception <a 'java/io/FileNotFoundException'> (0x00000000d6609dc8) thrown at [C:\jenkins\workspace\8-2-build-windows-amd64-cygwin\jdk8u251\737\hotspot\src\share\vm\prims\jni.cpp, line 710]
Event: 1.034 Thread 0x000000001adea000 Exception <a 'java/io/FileNotFoundException'> (0x00000000d6af2050) thrown at [C:\jenkins\workspace\8-2-build-windows-amd64-cygwin\jdk8u251\737\hotspot\src\share\vm\prims\jni.cpp, line 710]
Event: 1.034 Thread 0x000000001adea000 Exception <a 'java/io/FileNotFoundException'> (0x00000000d6af3600) thrown at [C:\jenkins\workspace\8-2-build-windows-amd64-cygwin\jdk8u251\737\hotspot\src\share\vm\prims\jni.cpp, line 710]
Event: 1.035 Thread 0x000000001adea000 Exception <a 'java/io/FileNotFoundException'> (0x00000000d6af4b68) thrown at [C:\jenkins\workspace\8-2-build-windows-amd64-cygwin\jdk8u251\737\hotspot\src\share\vm\prims\jni.cpp, line 710]
Event: 1.578 Thread 0x0000000002cfe000 Implicit null exception at 0x0000000003288bcc to 0x0000000003288c41

Events (10 events):
Event: 1.627 loading class sun/security/ec/NamedCurve
Event: 1.627 loading class sun/security/ec/NamedCurve done
Event: 1.628 loading class java/security/spec/ECFieldFp
Event: 1.628 loading class java/security/spec/ECFieldFp done
Event: 1.628 loading class java/security/spec/EllipticCurve
Event: 1.628 loading class java/security/spec/EllipticCurve done
Event: 1.629 loading class java/security/spec/ECPoint
Event: 1.629 loading class java/security/spec/ECPoint done
Event: 1.636 loading class java/security/spec/ECFieldF2m
Event: 1.636 loading class java/security/spec/ECFieldF2m done


Dynamic libraries:
0x00007ff67aed0000 - 0x00007ff67af07000 	C:\Program Files\JAVA\jre1.8.0_251\bin\javaw.exe
0x00007ffba7a80000 - 0x00007ffba7c70000 	C:\Windows\SYSTEM32\ntdll.dll
0x00007ffba78b0000 - 0x00007ffba7962000 	C:\Windows\System32\KERNEL32.DLL
0x00007ffba5710000 - 0x00007ffba59b3000 	C:\Windows\System32\KERNELBASE.dll
0x00007ffba6ac0000 - 0x00007ffba6b63000 	C:\Windows\System32\ADVAPI32.dll
0x00007ffba6a20000 - 0x00007ffba6abe000 	C:\Windows\System32\msvcrt.dll
0x00007ffba6b70000 - 0x00007ffba6c07000 	C:\Windows\System32\sechost.dll
0x00007ffba74e0000 - 0x00007ffba7600000 	C:\Windows\System32\RPCRT4.dll
0x00007ffba7600000 - 0x00007ffba7794000 	C:\Windows\System32\USER32.dll
0x00007ffba59f0000 - 0x00007ffba5a11000 	C:\Windows\System32\win32u.dll
0x00007ffba6c10000 - 0x00007ffba6c36000 	C:\Windows\System32\GDI32.dll
0x00007ffba5570000 - 0x00007ffba5704000 	C:\Windows\System32\gdi32full.dll
0x00007ffba5260000 - 0x00007ffba52fe000 	C:\Windows\System32\msvcp_win.dll
0x00007ffba5450000 - 0x00007ffba554a000 	C:\Windows\System32\ucrtbase.dll
0x00007ffb91940000 - 0x00007ffb91bc5000 	C:\Windows\WinSxS\amd64_microsoft.windows.common-controls_6595b64144ccf1df_6.0.18362.778_none_e6c6b761130d4fb8\COMCTL32.dll
0x00007ffba6320000 - 0x00007ffba6656000 	C:\Windows\System32\combase.dll
0x00007ffba4a10000 - 0x00007ffba4a90000 	C:\Windows\System32\bcryptPrimitives.dll
0x00007ffba5b30000 - 0x00007ffba5b5e000 	C:\Windows\System32\IMM32.DLL
0x00000000741d0000 - 0x00000000742a2000 	C:\Program Files\JAVA\jre1.8.0_251\bin\msvcr100.dll
0x00000000759b0000 - 0x000000007625b000 	C:\Program Files\JAVA\jre1.8.0_251\bin\server\jvm.dll
0x00007ffba61a0000 - 0x00007ffba61a8000 	C:\Windows\System32\PSAPI.DLL
0x00007ffb9eea0000 - 0x00007ffb9eeaa000 	C:\Windows\SYSTEM32\VERSION.dll
0x00007ffb8b270000 - 0x00007ffb8b279000 	C:\Windows\SYSTEM32\WSOCK32.dll
0x00007ffb9ee70000 - 0x00007ffb9ee94000 	C:\Windows\SYSTEM32\WINMM.dll
0x00007ffba7410000 - 0x00007ffba747f000 	C:\Windows\System32\WS2_32.dll
0x00007ffb9ee40000 - 0x00007ffb9ee6d000 	C:\Windows\SYSTEM32\WINMMBASE.dll
0x00007ffba5210000 - 0x00007ffba525a000 	C:\Windows\System32\cfgmgr32.dll
0x00007ffba0f20000 - 0x00007ffba0f2f000 	C:\Program Files\JAVA\jre1.8.0_251\bin\verify.dll
0x00007ffb93c50000 - 0x00007ffb93c79000 	C:\Program Files\JAVA\jre1.8.0_251\bin\java.dll
0x00007ffb93c30000 - 0x00007ffb93c46000 	C:\Program Files\JAVA\jre1.8.0_251\bin\zip.dll
0x00007ffba6c50000 - 0x00007ffba7335000 	C:\Windows\System32\SHELL32.dll
0x00007ffba77a0000 - 0x00007ffba7849000 	C:\Windows\System32\shcore.dll
0x00007ffba4a90000 - 0x00007ffba5210000 	C:\Windows\System32\windows.storage.dll
0x00007ffba4970000 - 0x00007ffba4993000 	C:\Windows\System32\profapi.dll
0x00007ffba49c0000 - 0x00007ffba4a0a000 	C:\Windows\System32\powrprof.dll
0x00007ffba4940000 - 0x00007ffba4950000 	C:\Windows\System32\UMPDC.dll
0x00007ffba7850000 - 0x00007ffba78a2000 	C:\Windows\System32\shlwapi.dll
0x00007ffba4950000 - 0x00007ffba4961000 	C:\Windows\System32\kernel.appcore.dll
0x00007ffba5550000 - 0x00007ffba5567000 	C:\Windows\System32\cryptsp.dll
0x00007ffb43120000 - 0x00007ffb432ba000 	C:\Program Files\JAVA\jre1.8.0_251\bin\awt.dll
0x00007ffba7340000 - 0x00007ffba7404000 	C:\Windows\System32\OLEAUT32.dll
0x00007ffba2450000 - 0x00007ffba24df000 	C:\Windows\SYSTEM32\apphelp.dll
0x00007ffba2540000 - 0x00007ffba25d9000 	C:\Windows\system32\uxtheme.dll
0x00007ffba61e0000 - 0x00007ffba6316000 	C:\Windows\System32\MSCTF.dll
0x00007ffba6710000 - 0x00007ffba6867000 	C:\Windows\System32\ole32.dll
0x00007ffba2cc0000 - 0x00007ffba2ced000 	C:\Windows\system32\DWMAPI.DLL
0x00007ffb8de60000 - 0x00007ffb8dfb6000 	C:\Windows\system32\opengl32.dll
0x00007ffb8de30000 - 0x00007ffb8de5c000 	C:\Windows\SYSTEM32\GLU32.dll
0x00007ffba35b0000 - 0x00007ffba35d0000 	C:\Windows\SYSTEM32\dxcore.dll
0x00007ffb8bc10000 - 0x00007ffb8bc59000 	C:\Program Files\JAVA\jre1.8.0_251\bin\fontmanager.dll
0x00007ffba6660000 - 0x00007ffba6702000 	C:\Windows\System32\clbcatq.dll
0x00007ffb9cef0000 - 0x00007ffb9d09f000 	C:\Windows\SYSTEM32\WindowsCodecs.dll
0x00007ffb7cf80000 - 0x00007ffb7cfba000 	C:\Windows\system32\dataexchange.dll
0x00007ffba1630000 - 0x00007ffba188b000 	C:\Windows\system32\d3d11.dll
0x00007ffba1cf0000 - 0x00007ffba1ecc000 	C:\Windows\system32\dcomp.dll
0x00007ffba3640000 - 0x00007ffba372b000 	C:\Windows\system32\dxgi.dll
0x00007ffba2880000 - 0x00007ffba2ada000 	C:\Windows\system32\twinapi.appcore.dll
0x00007ffba2e30000 - 0x00007ffba2e59000 	C:\Windows\system32\RMCLIENT.dll
0x00007ffb9a8f0000 - 0x00007ffb9a98e000 	C:\Windows\System32\TextInputFramework.dll
0x00007ffba2240000 - 0x00007ffba2314000 	C:\Windows\System32\CoreMessaging.dll
0x00007ffb9d750000 - 0x00007ffb9da7a000 	C:\Windows\System32\CoreUIComponents.dll
0x00007ffba39a0000 - 0x00007ffba39d1000 	C:\Windows\SYSTEM32\ntmarta.dll
0x00007ffba02e0000 - 0x00007ffba0433000 	C:\Windows\SYSTEM32\wintypes.dll
0x00007ffb93c10000 - 0x00007ffb93c2a000 	C:\Program Files\JAVA\jre1.8.0_251\bin\net.dll
0x00007ffba41b0000 - 0x00007ffba4217000 	C:\Windows\system32\mswsock.dll
0x00007ffb92b60000 - 0x00007ffb92b72000 	C:\Program Files\JAVA\jre1.8.0_251\bin\nio.dll
0x00007ffb82eb0000 - 0x00007ffb82ef2000 	C:\Program Files\JAVA\jre1.8.0_251\bin\t2k.dll
0x00007ffba3f00000 - 0x00007ffba3fca000 	C:\Windows\SYSTEM32\DNSAPI.dll
0x00007ffba61d0000 - 0x00007ffba61d8000 	C:\Windows\System32\NSI.dll
0x00007ffba3ec0000 - 0x00007ffba3efa000 	C:\Windows\SYSTEM32\IPHLPAPI.DLL
0x00007ffb99110000 - 0x00007ffb9911a000 	C:\Windows\System32\rasadhlp.dll
0x00007ffb9bfd0000 - 0x00007ffb9c047000 	C:\Windows\System32\fwpuclnt.dll
0x00007ffba59c0000 - 0x00007ffba59e6000 	C:\Windows\System32\bcrypt.dll
0x00007ffb91520000 - 0x00007ffb91544000 	C:\Program Files\JAVA\jre1.8.0_251\bin\sunec.dll

VM Arguments:
jvm_args: -Dfile.encoding=Cp1252 
java_command: docrse.Register
java_class_path (initial): C:\Users\Mamata\docrse\docrse\bin
Launcher Type: SUN_STANDARD

Environment Variables:
JAVA_HOME=C:\Program Files\JAVA\jdk1.8.0_251
PATH=C:/Program Files/Java/jre1.8.0_251/bin/server;C:/Program Files/Java/jre1.8.0_251/bin;C:/Program Files/Java/jre1.8.0_251/lib/amd64;C:\Program Files (x86)\Common Files\Oracle\Java\javapath;C:\Windows\system32;C:\Windows;C:\Windows\System32\Wbem;C:\Windows\System32\WindowsPowerShell\v1.0\;C:\Windows\System32\OpenSSH\;C:\Program Files (x86)\NVIDIA Corporation\PhysX\Common;C:\Program Files (x86)\Intel\Intel(R) Management Engine Components\DAL;C:\Program Files\Intel\Intel(R) Management Engine Components\DAL;C:\Program Files\Intel\WiFi\bin\;C:\Program Files\Common Files\Intel\WirelessCommon\;C:\Program Files\NVIDIA Corporation\NVIDIA NvDLISR;C:\Program Files\Git\cmd;C:\Program Files (x86)\CodeBlocks\MinGW\bin;C:\Program Files (x86)\Brackets\command;C:\Program Files\JAVA\jdk1.8.0_251\bin;C:\Program Files\MySQL\MySQL Shell 8.0\bin\;C:\Users\Mamata\AppData\Local\Microsoft\WindowsApps;C:\Program Files (x86)\MySQL\Connector J 8.0\mysql-connector-java-8.0.20-bin.jar;;C:\Users\Mamata\Desktop;
USERNAME=Mamata
OS=Windows_NT
PROCESSOR_IDENTIFIER=Intel64 Family 6 Model 158 Stepping 10, GenuineIntel



---------------  S Y S T E M  ---------------

OS: Windows 10.0 , 64 bit Build 18362 (10.0.18362.778)

CPU:total 8 (initial active 8) (4 cores per cpu, 2 threads per core) family 6 model 158 stepping 10, cmov, cx8, fxsr, mmx, sse, sse2, sse3, ssse3, sse4.1, sse4.2, popcnt, avx, avx2, aes, clmul, erms, 3dnowpref, lzcnt, ht, tsc, tscinvbit, bmi1, bmi2, adx

Memory: 4k page, physical 8245728k(1098464k free), swap 33411552k(228k free)

vm_info: Java HotSpot(TM) 64-Bit Server VM (25.251-b08) for windows-amd64 JRE (1.8.0_251-b08), built on Mar 12 2020 06:31:49 by "" with MS VC++ 10.0 (VS2010)

time: Wed May 20 13:27:22 2020
timezone: India Standard Time
elapsed time: 1 seconds (0d 0h 0m 1s)

